<?xml version="1.0" encoding="UTF-8"?>
<testsuite xmlns:xsi="http://www.w3.org/2001/XMLSchema-instance" xsi:noNamespaceSchemaLocation="https://maven.apache.org/surefire/maven-surefire-plugin/xsd/surefire-test-report.xsd" name="pl.polsl.student.jakunow552.bestbankingoffer.JUnitTest" time="0.096" tests="33" errors="0" skipped="0" failures="0">
  <properties>
[...]
</properties>
  <testcase name="checkIfComapringDifferentTypeOffersThrowsException{float}[1]" classname="pl.polsl.student.jakunow552.bestbankingoffer.JUnitTest" time="0.026"/>
  <testcase name="checkIfComapringDifferentTypeOffersThrowsException{float}[2]" classname="pl.polsl.student.jakunow552.bestbankingoffer.JUnitTest" time="0.001"/>
  <testcase name="checkIfComapringDifferentTypeOffersThrowsException{float}[3]" classname="pl.polsl.student.jakunow552.bestbankingoffer.JUnitTest" time="0"/>
  <testcase name="personalOfferClassCompareMethodTestIfEquals{float}[1]" classname="pl.polsl.student.jakunow552.bestbankingoffer.JUnitTest" time="0.001"/>
  <testcase name="personalOfferClassCompareMethodTestIfEquals{float}[2]" classname="pl.polsl.student.jakunow552.bestbankingoffer.JUnitTest" time="0"/>
  <testcase name="personalOfferClassCompareMethodTestIfEquals{float}[3]" classname="pl.polsl.student.jakunow552.bestbankingoffer.JUnitTest" time="0.001"/>
  <testcase name="checkIfNormalCreditPropertiesDoesNotThrowExceptionTest{float}[1]" classname="pl.polsl.student.jakunow552.bestbankingoffer.JUnitTest" time="0.002"/>
  <testcase name="checkIfNormalCreditPropertiesDoesNotThrowExceptionTest{float}[2]" classname="pl.polsl.student.jakunow552.bestbankingoffer.JUnitTest" time="0"/>
  <testcase name="checkIfNormalCreditPropertiesDoesNotThrowExceptionTest{float}[3]" classname="pl.polsl.student.jakunow552.bestbankingoffer.JUnitTest" time="0"/>
  <testcase name="checkIfNormalCreditPropertiesDoesNotThrowExceptionTest{float}[4]" classname="pl.polsl.student.jakunow552.bestbankingoffer.JUnitTest" time="0"/>
  <testcase name="checkIfNormalCreditPropertiesDoesNotThrowExceptionTest{float}[5]" classname="pl.polsl.student.jakunow552.bestbankingoffer.JUnitTest" time="0"/>
  <testcase name="checkIfNormalPersonalAccountPropertiesDoesNotThrowExceptionTest{float}[1]" classname="pl.polsl.student.jakunow552.bestbankingoffer.JUnitTest" time="0.001"/>
  <testcase name="checkIfNormalPersonalAccountPropertiesDoesNotThrowExceptionTest{float}[2]" classname="pl.polsl.student.jakunow552.bestbankingoffer.JUnitTest" time="0.001"/>
  <testcase name="checkIfNormalPersonalAccountPropertiesDoesNotThrowExceptionTest{float}[3]" classname="pl.polsl.student.jakunow552.bestbankingoffer.JUnitTest" time="0"/>
  <testcase name="checkIfNormalPersonalAccountPropertiesDoesNotThrowExceptionTest{float}[4]" classname="pl.polsl.student.jakunow552.bestbankingoffer.JUnitTest" time="0"/>
  <testcase name="checkIfNormalPersonalAccountPropertiesDoesNotThrowExceptionTest{float}[5]" classname="pl.polsl.student.jakunow552.bestbankingoffer.JUnitTest" time="0"/>
  <testcase name="checkIfnegativeCreditPropertiesThrowsExceptionTest{float}[1]" classname="pl.polsl.student.jakunow552.bestbankingoffer.JUnitTest" time="0.004"/>
  <testcase name="checkIfnegativeCreditPropertiesThrowsExceptionTest{float}[2]" classname="pl.polsl.student.jakunow552.bestbankingoffer.JUnitTest" time="0.004"/>
  <testcase name="checkIfnegativeCreditPropertiesThrowsExceptionTest{float}[3]" classname="pl.polsl.student.jakunow552.bestbankingoffer.JUnitTest" time="0"/>
  <testcase name="checkIfnegativeCreditPropertiesThrowsExceptionTest{float}[4]" classname="pl.polsl.student.jakunow552.bestbankingoffer.JUnitTest" time="0.001"/>
  <testcase name="checkIfNegativePersonalAccountPropertiesThrowsExceptionTest{float}[1]" classname="pl.polsl.student.jakunow552.bestbankingoffer.JUnitTest" time="0.001"/>
  <testcase name="checkIfNegativePersonalAccountPropertiesThrowsExceptionTest{float}[2]" classname="pl.polsl.student.jakunow552.bestbankingoffer.JUnitTest" time="0.001"/>
  <testcase name="checkIfNegativePersonalAccountPropertiesThrowsExceptionTest{float}[3]" classname="pl.polsl.student.jakunow552.bestbankingoffer.JUnitTest" time="0"/>
  <testcase name="checkIfNegativePersonalAccountPropertiesThrowsExceptionTest{float}[4]" classname="pl.polsl.student.jakunow552.bestbankingoffer.JUnitTest" time="0"/>
  <testcase name="creditOfferClassCompareMethodTest{float}[1]" classname="pl.polsl.student.jakunow552.bestbankingoffer.JUnitTest" time="0.001"/>
  <testcase name="creditOfferClassCompareMethodTest{float}[2]" classname="pl.polsl.student.jakunow552.bestbankingoffer.JUnitTest" time="0"/>
  <testcase name="creditOfferClassCompareMethodTest{float}[3]" classname="pl.polsl.student.jakunow552.bestbankingoffer.JUnitTest" time="0"/>
  <testcase name="personalOfferClassCompareMethodTest{float}[1]" classname="pl.polsl.student.jakunow552.bestbankingoffer.JUnitTest" time="0"/>
  <testcase name="personalOfferClassCompareMethodTest{float}[2]" classname="pl.polsl.student.jakunow552.bestbankingoffer.JUnitTest" time="0"/>
  <testcase name="personalOfferClassCompareMethodTest{float}[3]" classname="pl.polsl.student.jakunow552.bestbankingoffer.JUnitTest" time="0"/>
  <testcase name="creditOfferClassCompareMethodTestIfEquals{float}[1]" classname="pl.polsl.student.jakunow552.bestbankingoffer.JUnitTest" time="0"/>
  <testcase name="creditOfferClassCompareMethodTestIfEquals{float}[2]" classname="pl.polsl.student.jakunow552.bestbankingoffer.JUnitTest" time="0"/>
  <testcase name="creditOfferClassCompareMethodTestIfEquals{float}[3]" classname="pl.polsl.student.jakunow552.bestbankingoffer.JUnitTest" time="0"/>
</testsuite>