<?xml version="1.0" encoding="UTF-8"?>
<testsuite xmlns:xsi="http://www.w3.org/2001/XMLSchema-instance" xsi:noNamespaceSchemaLocation="https://maven.apache.org/surefire/maven-surefire-plugin/xsd/surefire-test-report.xsd" name="pl.polsl.student.jakunow552.bestbankingoffer.JUnitTest" time="0.163" tests="3" errors="0" skipped="0" failures="0">
  <properties>
[...]
</properties>
  <testcase name="compareTestTypeException{float}[1]" classname="pl.polsl.student.jakunow552.bestbankingoffer.JUnitTest" time="0.066"/>
  <testcase name="compareTestTypeException{float}[2]" classname="pl.polsl.student.jakunow552.bestbankingoffer.JUnitTest" time="0.003"/>
  <testcase name="compareTestTypeException{float}[3]" classname="pl.polsl.student.jakunow552.bestbankingoffer.JUnitTest" time="0.001"/>
</testsuite>